# JRE version: Java(TM) SE Runtime Environment (8.0_20-b26) (build 1.8.0_20-b26)
# Java VM: Java HotSpot(TM) 64-Bit Server VM (25.20-b23 mixed mode bsd-amd64 compressed oops)
Heap:
 PSYoungGen      total 14848K, used 14606K [0x0000000132980000, 0x0000000134680000, 0x0000000143400000)
  eden space 12800K, 98% used [0x0000000132980000,0x00000001335c7860,0x0000000133600000)
  from space 2048K, 99% used [0x0000000133600000,0x00000001337fc010,0x0000000133800000)
  to   space 2048K, 0% used [0x0000000134480000,0x0000000134480000,0x0000000134680000)
 ParOldGen       total 34304K, used 1040K [0x0000000111400000, 0x0000000113580000, 0x0000000132980000)
  object space 34304K, 3% used [0x0000000111400000,0x0000000111504170,0x0000000113580000)
 Metaspace       used 13490K, capacity 13686K, committed 13824K, reserved 1060864K
  class space    used 1651K, capacity 1700K, committed 1792K, reserved 1048576K
GC Heap History (6 events):
Event: 0.567 GC heap before
{Heap before GC invocations=1 (full 0):
 PSYoungGen      total 14848K, used 12800K [0x0000000132980000, 0x0000000133a00000, 0x0000000143400000)
  eden space 12800K, 100% used [0x0000000132980000,0x0000000133600000,0x0000000133600000)
  from space 2048K, 0% used [0x0000000133800000,0x0000000133800000,0x0000000133a00000)
  to   space 2048K, 0% used [0x0000000133600000,0x0000000133600000,0x0000000133800000)
 ParOldGen       total 34304K, used 0K [0x0000000111400000, 0x0000000113580000, 0x0000000132980000)
  object space 34304K, 0% used [0x0000000111400000,0x0000000111400000,0x0000000113580000)
 Metaspace       used 6973K, capacity 7094K, committed 7296K, reserved 1056768K
  class space    used 806K, capacity 850K, committed 896K, reserved 1048576K
Event: 0.571 GC heap after
Heap after GC invocations=1 (full 0):
 PSYoungGen      total 14848K, used 1758K [0x0000000132980000, 0x0000000133a00000, 0x0000000143400000)
  eden space 12800K, 0% used [0x0000000132980000,0x0000000132980000,0x0000000133600000)
  from space 2048K, 85% used [0x0000000133600000,0x00000001337b7968,0x0000000133800000)
  to   space 2048K, 0% used [0x0000000133800000,0x0000000133800000,0x0000000133a00000)
 ParOldGen       total 34304K, used 8K [0x0000000111400000, 0x0000000113580000, 0x0000000132980000)
  object space 34304K, 0% used [0x0000000111400000,0x0000000111402000,0x0000000113580000)
 Metaspace       used 6973K, capacity 7094K, committed 7296K, reserved 1056768K
  class space    used 806K, capacity 850K, committed 896K, reserved 1048576K
}
Event: 0.680 GC heap before
{Heap before GC invocations=2 (full 0):
 PSYoungGen      total 14848K, used 14558K [0x0000000132980000, 0x0000000133a00000, 0x0000000143400000)
  eden space 12800K, 100% used [0x0000000132980000,0x0000000133600000,0x0000000133600000)
  from space 2048K, 85% used [0x0000000133600000,0x00000001337b7968,0x0000000133800000)
  to   space 2048K, 0% used [0x0000000133800000,0x0000000133800000,0x0000000133a00000)
 ParOldGen       total 34304K, used 8K [0x0000000111400000, 0x0000000113580000, 0x0000000132980000)
  object space 34304K, 0% used [0x0000000111400000,0x0000000111402000,0x0000000113580000)
 Metaspace       used 7937K, capacity 8054K, committed 8192K, reserved 1056768K
  class space    used 943K, capacity 978K, committed 1024K, reserved 1048576K
Event: 0.683 GC heap after
Heap after GC invocations=2 (full 0):
 PSYoungGen      total 14848K, used 1712K [0x0000000132980000, 0x0000000134680000, 0x0000000143400000)
  eden space 12800K, 0% used [0x0000000132980000,0x0000000132980000,0x0000000133600000)
  from space 2048K, 83% used [0x0000000133800000,0x00000001339ac030,0x0000000133a00000)
  to   space 2048K, 0% used [0x0000000133600000,0x0000000133600000,0x0000000133800000)
 ParOldGen       total 34304K, used 80K [0x0000000111400000, 0x0000000113580000, 0x0000000132980000)
  object space 34304K, 0% used [0x0000000111400000,0x0000000111414010,0x0000000113580000)
 Metaspace       used 7937K, capacity 8054K, committed 8192K, reserved 1056768K
  class space    used 943K, capacity 978K, committed 1024K, reserved 1048576K
}
Event: 1.153 GC heap before
{Heap before GC invocations=3 (full 0):
 PSYoungGen      total 14848K, used 14512K [0x0000000132980000, 0x0000000134680000, 0x0000000143400000)
  eden space 12800K, 100% used [0x0000000132980000,0x0000000133600000,0x0000000133600000)
  from space 2048K, 83% used [0x0000000133800000,0x00000001339ac030,0x0000000133a00000)
  to   space 2048K, 0% used [0x0000000133600000,0x0000000133600000,0x0000000133800000)
 ParOldGen       total 34304K, used 80K [0x0000000111400000, 0x0000000113580000, 0x0000000132980000)
  object space 34304K, 0% used [0x0000000111400000,0x0000000111414010,0x0000000113580000)
 Metaspace       used 10332K, capacity 10502K, committed 10624K, reserved 1058816K
  class space    used 1261K, capacity 1345K, committed 1408K, reserved 1048576K
Event: 1.157 GC heap after
Heap after GC invocations=3 (full 0):
 PSYoungGen      total 14848K, used 2032K [0x0000000132980000, 0x0000000134680000, 0x0000000143400000)
  eden space 12800K, 0% used [0x0000000132980000,0x0000000132980000,0x0000000133600000)
  from space 2048K, 99% used [0x0000000133600000,0x00000001337fc010,0x0000000133800000)
  to   space 2048K, 0% used [0x0000000134480000,0x0000000134480000,0x0000000134680000)
 ParOldGen       total 34304K, used 1040K [0x0000000111400000, 0x0000000113580000, 0x0000000132980000)
  object space 34304K, 3% used [0x0000000111400000,0x0000000111504170,0x0000000113580000)
 Metaspace       used 10332K, capacity 10502K, committed 10624K, reserved 1058816K
  class space    used 1261K, capacity 1345K, committed 1408K, reserved 1048576K
}

